# JRE version: OpenJDK Runtime Environment Temurin-21.0.12.1+1 (21.0.12.1+1) (build 21.0.12.1+1-LTS)
# Java VM: OpenJDK 64-Bit Server VM Temurin-21.0.12.1+1 (21.0.12.1+1-LTS, mixed mode, sharing, tiered, compressed oops, compressed class ptrs, parallel gc, windows-amd64)
GC Precious Log:
 CardTable entry size: 512
 CPUs: 8 total, 8 available
 Memory: 8075M
 Large Page Support: Disabled
 NUMA Support: Disabled
 Compressed Oops: Enabled (32-bit)
 Alignments: Space 512K, Generation 512K, Heap 2M
 Heap Min Capacity: 100M
 Heap Initial Capacity: 100M
 Heap Max Capacity: 2G
 Pre-touch: Disabled
 Parallel Workers: 8
Heap:
 PSYoungGen      total 9216K, used 4772K [0x00000000d5580000, 0x00000000d6300000, 0x0000000100000000)
  eden space 5120K, 19% used [0x00000000d5580000,0x00000000d567c9c0,0x00000000d5a80000)
  from space 4096K, 91% used [0x00000000d5a80000,0x00000000d5e2c8d0,0x00000000d5e80000)
  to   space 4096K, 0% used [0x00000000d5f00000,0x00000000d5f00000,0x00000000d6300000)
 ParOldGen       total 1398272K, used 84371K [0x0000000080000000, 0x00000000d5580000, 0x00000000d5580000)
  object space 1398272K, 6% used [0x0000000080000000,0x0000000085264cd8,0x00000000d5580000)
 Metaspace       used 64351K, committed 65792K, reserved 1114112K
  class space    used 6956K, committed 7552K, reserved 1048576K
GC Heap History (20 events):
Event: 59.964 GC heap before
{Heap before GC invocations=438 (full 4):
 PSYoungGen      total 11264K, used 11072K [0x00000000d5580000, 0x00000000d6700000, 0x0000000100000000)
  eden space 5120K, 100% used [0x00000000d5580000,0x00000000d5a80000,0x00000000d5a80000)
  from space 6144K, 96% used [0x00000000d5a80000,0x00000000d6050048,0x00000000d6080000)
  to   space 6144K, 0% used [0x00000000d6100000,0x00000000d6100000,0x00000000d6700000)
 ParOldGen       total 1398272K, used 80295K [0x0000000080000000, 0x00000000d5580000, 0x00000000d5580000)
  object space 1398272K, 5% used [0x0000000080000000,0x0000000084e69cf0,0x00000000d5580000)
 Metaspace       used 63312K, committed 64640K, reserved 1114112K
  class space    used 6872K, committed 7424K, reserved 1048576K
}
Event: 59.973 GC heap after
{Heap after GC invocations=438 (full 4):
 PSYoungGen      total 9728K, used 6128K [0x00000000d5580000, 0x00000000d6b00000, 0x0000000100000000)
  eden space 3584K, 0% used [0x00000000d5580000,0x00000000d5580000,0x00000000d5900000)
  from space 6144K, 99% used [0x00000000d6100000,0x00000000d66fc0a0,0x00000000d6700000)
  to   space 8192K, 0% used [0x00000000d5900000,0x00000000d5900000,0x00000000d6100000)
 ParOldGen       total 1398272K, used 81700K [0x0000000080000000, 0x00000000d5580000, 0x00000000d5580000)
  object space 1398272K, 5% used [0x0000000080000000,0x0000000084fc9180,0x00000000d5580000)
 Metaspace       used 63312K, committed 64640K, reserved 1114112K
  class space    used 6872K, committed 7424K, reserved 1048576K
}
Event: 60.040 GC heap before
{Heap before GC invocations=439 (full 4):
 PSYoungGen      total 9728K, used 9712K [0x00000000d5580000, 0x00000000d6b00000, 0x0000000100000000)
  eden space 3584K, 100% used [0x00000000d5580000,0x00000000d5900000,0x00000000d5900000)
  from space 6144K, 99% used [0x00000000d6100000,0x00000000d66fc0a0,0x00000000d6700000)
  to   space 8192K, 0% used [0x00000000d5900000,0x00000000d5900000,0x00000000d6100000)
 ParOldGen       total 1398272K, used 81700K [0x0000000080000000, 0x00000000d5580000, 0x00000000d5580000)
  object space 1398272K, 5% used [0x0000000080000000,0x0000000084fc9180,0x00000000d5580000)
 Metaspace       used 63389K, committed 64704K, reserved 1114112K
  class space    used 6879K, committed 7424K, reserved 1048576K
}
Event: 60.047 GC heap after
{Heap after GC invocations=439 (full 4):
 PSYoungGen      total 10752K, used 6896K [0x00000000d5580000, 0x00000000d6780000, 0x0000000100000000)
  eden space 3584K, 0% used [0x00000000d5580000,0x00000000d5580000,0x00000000d5900000)
  from space 7168K, 96% used [0x00000000d5900000,0x00000000d5fbc020,0x00000000d6000000)
  to   space 7168K, 0% used [0x00000000d6080000,0x00000000d6080000,0x00000000d6780000)
 ParOldGen       total 1398272K, used 81876K [0x0000000080000000, 0x00000000d5580000, 0x00000000d5580000)
  object space 1398272K, 5% used [0x0000000080000000,0x0000000084ff5180,0x00000000d5580000)
 Metaspace       used 63389K, committed 64704K, reserved 1114112K
  class space    used 6879K, committed 7424K, reserved 1048576K
}
Event: 60.096 GC heap before
{Heap before GC invocations=440 (full 4):
 PSYoungGen      total 10752K, used 10479K [0x00000000d5580000, 0x00000000d6780000, 0x0000000100000000)
  eden space 3584K, 99% used [0x00000000d5580000,0x00000000d58fffd8,0x00000000d5900000)
  from space 7168K, 96% used [0x00000000d5900000,0x00000000d5fbc020,0x00000000d6000000)
  to   space 7168K, 0% used [0x00000000d6080000,0x00000000d6080000,0x00000000d6780000)
 ParOldGen       total 1398272K, used 81876K [0x0000000080000000, 0x00000000d5580000, 0x00000000d5580000)
  object space 1398272K, 5% used [0x0000000080000000,0x0000000084ff5180,0x00000000d5580000)
 Metaspace       used 63474K, committed 64768K, reserved 1114112K
  class space    used 6884K, committed 7424K, reserved 1048576K
}
Event: 60.106 GC heap after
{Heap after GC invocations=440 (full 4):
 PSYoungGen      total 9216K, used 4955K [0x00000000d5580000, 0x00000000d6580000, 0x0000000100000000)
  eden space 4096K, 0% used [0x00000000d5580000,0x00000000d5580000,0x00000000d5980000)
  from space 5120K, 96% used [0x00000000d6080000,0x00000000d6556e08,0x00000000d6580000)
  to   space 6144K, 0% used [0x00000000d5980000,0x00000000d5980000,0x00000000d5f80000)
 ParOldGen       total 1398272K, used 81884K [0x0000000080000000, 0x00000000d5580000, 0x00000000d5580000)
  object space 1398272K, 5% used [0x0000000080000000,0x0000000084ff7180,0x00000000d5580000)
 Metaspace       used 63474K, committed 64768K, reserved 1114112K
  class space    used 6884K, committed 7424K, reserved 1048576K
}
Event: 60.309 GC heap before
{Heap before GC invocations=441 (full 4):
 PSYoungGen      total 9216K, used 9051K [0x00000000d5580000, 0x00000000d6580000, 0x0000000100000000)
  eden space 4096K, 100% used [0x00000000d5580000,0x00000000d5980000,0x00000000d5980000)
  from space 5120K, 96% used [0x00000000d6080000,0x00000000d6556e08,0x00000000d6580000)
  to   space 6144K, 0% used [0x00000000d5980000,0x00000000d5980000,0x00000000d5f80000)
 ParOldGen       total 1398272K, used 81884K [0x0000000080000000, 0x00000000d5580000, 0x00000000d5580000)
  object space 1398272K, 5% used [0x0000000080000000,0x0000000084ff7180,0x00000000d5580000)
 Metaspace       used 63638K, committed 65024K, reserved 1114112K
  class space    used 6892K, committed 7424K, reserved 1048576K
}
Event: 60.321 GC heap after
{Heap after GC invocations=441 (full 4):
 PSYoungGen      total 9216K, used 4831K [0x00000000d5580000, 0x00000000d6400000, 0x0000000100000000)
  eden space 4096K, 0% used [0x00000000d5580000,0x00000000d5580000,0x00000000d5980000)
  from space 5120K, 94% used [0x00000000d5980000,0x00000000d5e37f30,0x00000000d5e80000)
  to   space 5120K, 0% used [0x00000000d5f00000,0x00000000d5f00000,0x00000000d6400000)
 ParOldGen       total 1398272K, used 82227K [0x0000000080000000, 0x00000000d5580000, 0x00000000d5580000)
  object space 1398272K, 5% used [0x0000000080000000,0x000000008504cf08,0x00000000d5580000)
 Metaspace       used 63638K, committed 65024K, reserved 1114112K
  class space    used 6892K, committed 7424K, reserved 1048576K
}
Event: 60.395 GC heap before
{Heap before GC invocations=442 (full 4):
 PSYoungGen      total 9216K, used 8927K [0x00000000d5580000, 0x00000000d6400000, 0x0000000100000000)
  eden space 4096K, 100% used [0x00000000d5580000,0x00000000d5980000,0x00000000d5980000)
  from space 5120K, 94% used [0x00000000d5980000,0x00000000d5e37f30,0x00000000d5e80000)
  to   space 5120K, 0% used [0x00000000d5f00000,0x00000000d5f00000,0x00000000d6400000)
 ParOldGen       total 1398272K, used 82227K [0x0000000080000000, 0x00000000d5580000, 0x00000000d5580000)
  object space 1398272K, 5% used [0x0000000080000000,0x000000008504cf08,0x00000000d5580000)
 Metaspace       used 63699K, committed 65024K, reserved 1114112K
  class space    used 6893K, committed 7424K, reserved 1048576K
}
Event: 60.402 GC heap after
{Heap after GC invocations=442 (full 4):
 PSYoungGen      total 9216K, used 5101K [0x00000000d5580000, 0x00000000d6500000, 0x0000000100000000)
  eden space 4096K, 0% used [0x00000000d5580000,0x00000000d5580000,0x00000000d5980000)
  from space 5120K, 99% used [0x00000000d5f00000,0x00000000d63fb788,0x00000000d6400000)
  to   space 5632K, 0% used [0x00000000d5980000,0x00000000d5980000,0x00000000d5f00000)
 ParOldGen       total 1398272K, used 82461K [0x0000000080000000, 0x00000000d5580000, 0x00000000d5580000)
  object space 1398272K, 5% used [0x0000000080000000,0x0000000085087678,0x00000000d5580000)
 Metaspace       used 63699K, committed 65024K, reserved 1114112K
  class space    used 6893K, committed 7424K, reserved 1048576K
}
Event: 60.587 GC heap before
{Heap before GC invocations=443 (full 4):
 PSYoungGen      total 9216K, used 9197K [0x00000000d5580000, 0x00000000d6500000, 0x0000000100000000)
  eden space 4096K, 100% used [0x00000000d5580000,0x00000000d5980000,0x00000000d5980000)
  from space 5120K, 99% used [0x00000000d5f00000,0x00000000d63fb788,0x00000000d6400000)
  to   space 5632K, 0% used [0x00000000d5980000,0x00000000d5980000,0x00000000d5f00000)
 ParOldGen       total 1398272K, used 82461K [0x0000000080000000, 0x00000000d5580000, 0x00000000d5580000)
  object space 1398272K, 5% used [0x0000000080000000,0x0000000085087678,0x00000000d5580000)
 Metaspace       used 63901K, committed 65280K, reserved 1114112K
  class space    used 6905K, committed 7488K, reserved 1048576K
}
Event: 60.593 GC heap after
{Heap after GC invocations=443 (full 4):
 PSYoungGen      total 8704K, used 4117K [0x00000000d5580000, 0x00000000d6300000, 0x0000000100000000)
  eden space 4096K, 0% used [0x00000000d5580000,0x00000000d5580000,0x00000000d5980000)
  from space 4608K, 89% used [0x00000000d5980000,0x00000000d5d85660,0x00000000d5e00000)
  to   space 4608K, 0% used [0x00000000d5e80000,0x00000000d5e80000,0x00000000d6300000)
 ParOldGen       total 1398272K, used 83428K [0x0000000080000000, 0x00000000d5580000, 0x00000000d5580000)
  object space 1398272K, 5% used [0x0000000080000000,0x00000000851790f8,0x00000000d5580000)
 Metaspace       used 63901K, committed 65280K, reserved 1114112K
  class space    used 6905K, committed 7488K, reserved 1048576K
}
Event: 60.728 GC heap before
{Heap before GC invocations=444 (full 4):
 PSYoungGen      total 8704K, used 8213K [0x00000000d5580000, 0x00000000d6300000, 0x0000000100000000)
  eden space 4096K, 100% used [0x00000000d5580000,0x00000000d5980000,0x00000000d5980000)
  from space 4608K, 89% used [0x00000000d5980000,0x00000000d5d85660,0x00000000d5e00000)
  to   space 4608K, 0% used [0x00000000d5e80000,0x00000000d5e80000,0x00000000d6300000)
 ParOldGen       total 1398272K, used 83428K [0x0000000080000000, 0x00000000d5580000, 0x00000000d5580000)
  object space 1398272K, 5% used [0x0000000080000000,0x00000000851790f8,0x00000000d5580000)
 Metaspace       used 63914K, committed 65280K, reserved 1114112K
  class space    used 6905K, committed 7488K, reserved 1048576K
}
Event: 60.753 GC heap after
{Heap after GC invocations=444 (full 4):
 PSYoungGen      total 9216K, used 4394K [0x00000000d5580000, 0x00000000d6300000, 0x0000000100000000)
  eden space 4608K, 0% used [0x00000000d5580000,0x00000000d5580000,0x00000000d5a00000)
  from space 4608K, 95% used [0x00000000d5e80000,0x00000000d62ca988,0x00000000d6300000)
  to   space 4608K, 0% used [0x00000000d5a00000,0x00000000d5a00000,0x00000000d5e80000)
 ParOldGen       total 1398272K, used 83436K [0x0000000080000000, 0x00000000d5580000, 0x00000000d5580000)
  object space 1398272K, 5% used [0x0000000080000000,0x000000008517b0f8,0x00000000d5580000)
 Metaspace       used 63914K, committed 65280K, reserved 1114112K
  class space    used 6905K, committed 7488K, reserved 1048576K
}
Event: 60.824 GC heap before
{Heap before GC invocations=445 (full 4):
 PSYoungGen      total 9216K, used 9002K [0x00000000d5580000, 0x00000000d6300000, 0x0000000100000000)
  eden space 4608K, 100% used [0x00000000d5580000,0x00000000d5a00000,0x00000000d5a00000)
  from space 4608K, 95% used [0x00000000d5e80000,0x00000000d62ca988,0x00000000d6300000)
  to   space 4608K, 0% used [0x00000000d5a00000,0x00000000d5a00000,0x00000000d5e80000)
 ParOldGen       total 1398272K, used 83436K [0x0000000080000000, 0x00000000d5580000, 0x00000000d5580000)
  object space 1398272K, 5% used [0x0000000080000000,0x000000008517b0f8,0x00000000d5580000)
 Metaspace       used 63946K, committed 65344K, reserved 1114112K
  class space    used 6905K, committed 7488K, reserved 1048576K
}
Event: 60.834 GC heap after
{Heap after GC invocations=445 (full 4):
 PSYoungGen      total 9216K, used 4115K [0x00000000d5580000, 0x00000000d6380000, 0x0000000100000000)
  eden space 4608K, 0% used [0x00000000d5580000,0x00000000d5580000,0x00000000d5a00000)
  from space 4608K, 89% used [0x00000000d5a00000,0x00000000d5e04c88,0x00000000d5e80000)
  to   space 4608K, 0% used [0x00000000d5f00000,0x00000000d5f00000,0x00000000d6380000)
 ParOldGen       total 1398272K, used 83732K [0x0000000080000000, 0x00000000d5580000, 0x00000000d5580000)
  object space 1398272K, 5% used [0x0000000080000000,0x00000000851c50f8,0x00000000d5580000)
 Metaspace       used 63946K, committed 65344K, reserved 1114112K
  class space    used 6905K, committed 7488K, reserved 1048576K
}
Event: 60.941 GC heap before
{Heap before GC invocations=446 (full 4):
 PSYoungGen      total 9216K, used 8697K [0x00000000d5580000, 0x00000000d6380000, 0x0000000100000000)
  eden space 4608K, 99% used [0x00000000d5580000,0x00000000d59f97f8,0x00000000d5a00000)
  from space 4608K, 89% used [0x00000000d5a00000,0x00000000d5e04c88,0x00000000d5e80000)
  to   space 4608K, 0% used [0x00000000d5f00000,0x00000000d5f00000,0x00000000d6380000)
 ParOldGen       total 1398272K, used 83732K [0x0000000080000000, 0x00000000d5580000, 0x00000000d5580000)
  object space 1398272K, 5% used [0x0000000080000000,0x00000000851c50f8,0x00000000d5580000)
 Metaspace       used 64028K, committed 65472K, reserved 1114112K
  class space    used 6923K, committed 7488K, reserved 1048576K
}
Event: 60.948 GC heap after
{Heap after GC invocations=446 (full 4):
 PSYoungGen      total 8704K, used 3382K [0x00000000d5580000, 0x00000000d6280000, 0x0000000100000000)
  eden space 5120K, 0% used [0x00000000d5580000,0x00000000d5580000,0x00000000d5a80000)
  from space 3584K, 94% used [0x00000000d5f00000,0x00000000d624db00,0x00000000d6280000)
  to   space 4096K, 0% used [0x00000000d5a80000,0x00000000d5a80000,0x00000000d5e80000)
 ParOldGen       total 1398272K, used 84183K [0x0000000080000000, 0x00000000d5580000, 0x00000000d5580000)
  object space 1398272K, 6% used [0x0000000080000000,0x0000000085235fc8,0x00000000d5580000)
 Metaspace       used 64028K, committed 65472K, reserved 1114112K
  class space    used 6923K, committed 7488K, reserved 1048576K
}
Event: 61.186 GC heap before
{Heap before GC invocations=447 (full 4):
 PSYoungGen      total 8704K, used 8502K [0x00000000d5580000, 0x00000000d6280000, 0x0000000100000000)
  eden space 5120K, 99% used [0x00000000d5580000,0x00000000d5a7fff0,0x00000000d5a80000)
  from space 3584K, 94% used [0x00000000d5f00000,0x00000000d624db00,0x00000000d6280000)
  to   space 4096K, 0% used [0x00000000d5a80000,0x00000000d5a80000,0x00000000d5e80000)
 ParOldGen       total 1398272K, used 84183K [0x0000000080000000, 0x00000000d5580000, 0x00000000d5580000)
  object space 1398272K, 6% used [0x0000000080000000,0x0000000085235fc8,0x00000000d5580000)
 Metaspace       used 64298K, committed 65728K, reserved 1114112K
  class space    used 6955K, committed 7552K, reserved 1048576K
}
Event: 61.197 GC heap after
{Heap after GC invocations=447 (full 4):
 PSYoungGen      total 9216K, used 3762K [0x00000000d5580000, 0x00000000d6300000, 0x0000000100000000)
  eden space 5120K, 0% used [0x00000000d5580000,0x00000000d5580000,0x00000000d5a80000)
  from space 4096K, 91% used [0x00000000d5a80000,0x00000000d5e2c8d0,0x00000000d5e80000)
  to   space 4096K, 0% used [0x00000000d5f00000,0x00000000d5f00000,0x00000000d6300000)
 ParOldGen       total 1398272K, used 84371K [0x0000000080000000, 0x00000000d5580000, 0x00000000d5580000)
  object space 1398272K, 6% used [0x0000000080000000,0x0000000085264cd8,0x00000000d5580000)
 Metaspace       used 64298K, committed 65728K, reserved 1114112K
  class space    used 6955K, committed 7552K, reserved 1048576K
}

